{"/Users/pabloolivarez/Library/CloudStorage/GoogleDrive-pablo.olivarez.o@gmail.com/Mi unidad/codes/desarrollo/challenge_2/src/config/ioc_config.ts": {"path":"/Users/pabloolivarez/Library/CloudStorage/GoogleDrive-pablo.olivarez.o@gmail.com/Mi unidad/codes/desarrollo/challenge_2/src/config/ioc_config.ts","all":false,"statementMap":{"0":{"start":{"line":1,"column":0},"end":{"line":1,"column":26}},"1":{"start":{"line":2,"column":0},"end":{"line":2,"column":0}},"2":{"start":{"line":3,"column":0},"end":{"line":3,"column":38}},"3":{"start":{"line":4,"column":0},"end":{"line":4,"column":54}},"4":{"start":{"line":5,"column":0},"end":{"line":5,"column":54}},"5":{"start":{"line":6,"column":0},"end":{"line":6,"column":0}},"6":{"start":{"line":7,"column":0},"end":{"line":7,"column":58}},"7":{"start":{"line":8,"column":0},"end":{"line":8,"column":0}},"8":{"start":{"line":9,"column":0},"end":{"line":9,"column":32}},"9":{"start":{"line":10,"column":0},"end":{"line":10,"column":0}},"10":{"start":{"line":11,"column":0},"end":{"line":11,"column":77}},"11":{"start":{"line":12,"column":0},"end":{"line":12,"column":65}},"12":{"start":{"line":13,"column":0},"end":{"line":13,"column":0}},"13":{"start":{"line":14,"column":0},"end":{"line":14,"column":25}}},"s":{"0":1,"1":1,"2":1,"3":1,"4":1,"5":1,"6":1,"7":1,"8":1,"9":1,"10":1,"11":1,"12":1,"13":1},"branchMap":{},"b":{},"fnMap":{},"f":{}}
,"/Users/pabloolivarez/Library/CloudStorage/GoogleDrive-pablo.olivarez.o@gmail.com/Mi unidad/codes/desarrollo/challenge_2/src/constants/identifiers.ts": {"path":"/Users/pabloolivarez/Library/CloudStorage/GoogleDrive-pablo.olivarez.o@gmail.com/Mi unidad/codes/desarrollo/challenge_2/src/constants/identifiers.ts","all":false,"statementMap":{"0":{"start":{"line":1,"column":0},"end":{"line":1,"column":28}},"1":{"start":{"line":2,"column":0},"end":{"line":2,"column":27}},"2":{"start":{"line":3,"column":0},"end":{"line":3,"column":39}},"3":{"start":{"line":4,"column":0},"end":{"line":4,"column":28}},"4":{"start":{"line":5,"column":0},"end":{"line":5,"column":2}},"5":{"start":{"line":6,"column":0},"end":{"line":6,"column":0}},"6":{"start":{"line":7,"column":0},"end":{"line":7,"column":34}}},"s":{"0":1,"1":1,"2":1,"3":1,"4":1,"5":1,"6":1},"branchMap":{},"b":{},"fnMap":{},"f":{}}
,"/Users/pabloolivarez/Library/CloudStorage/GoogleDrive-pablo.olivarez.o@gmail.com/Mi unidad/codes/desarrollo/challenge_2/src/entities/api_manager.ts": {"path":"/Users/pabloolivarez/Library/CloudStorage/GoogleDrive-pablo.olivarez.o@gmail.com/Mi unidad/codes/desarrollo/challenge_2/src/entities/api_manager.ts","all":false,"statementMap":{"0":{"start":{"line":1,"column":0},"end":{"line":1,"column":47}},"1":{"start":{"line":2,"column":0},"end":{"line":2,"column":52}},"2":{"start":{"line":3,"column":0},"end":{"line":3,"column":58}},"3":{"start":{"line":4,"column":0},"end":{"line":4,"column":0}},"4":{"start":{"line":5,"column":0},"end":{"line":5,"column":0}},"5":{"start":{"line":6,"column":0},"end":{"line":6,"column":13}},"6":{"start":{"line":7,"column":0},"end":{"line":7,"column":46}},"7":{"start":{"line":8,"column":0},"end":{"line":8,"column":0}},"8":{"start":{"line":9,"column":0},"end":{"line":9,"column":36}},"9":{"start":{"line":10,"column":0},"end":{"line":10,"column":88}},"10":{"start":{"line":11,"column":0},"end":{"line":11,"column":31}},"11":{"start":{"line":12,"column":0},"end":{"line":12,"column":3}},"12":{"start":{"line":13,"column":0},"end":{"line":13,"column":38}},"13":{"start":{"line":14,"column":0},"end":{"line":14,"column":60}},"14":{"start":{"line":15,"column":0},"end":{"line":15,"column":22}},"15":{"start":{"line":16,"column":0},"end":{"line":16,"column":7}},"16":{"start":{"line":17,"column":0},"end":{"line":17,"column":3}},"17":{"start":{"line":18,"column":0},"end":{"line":18,"column":0}},"18":{"start":{"line":19,"column":0},"end":{"line":19,"column":1}}},"s":{"0":1,"1":1,"2":1,"3":1,"4":1,"5":1,"6":2,"7":2,"8":2,"9":2,"10":1,"11":1,"12":2,"13":1,"14":1,"15":1,"16":1,"17":2,"18":2},"branchMap":{"0":{"type":"branch","line":7,"loc":{"start":{"line":7,"column":0},"end":{"line":19,"column":1}},"locations":[{"start":{"line":7,"column":0},"end":{"line":19,"column":1}}]},"1":{"type":"branch","line":10,"loc":{"start":{"line":10,"column":2},"end":{"line":12,"column":3}},"locations":[{"start":{"line":10,"column":2},"end":{"line":12,"column":3}}]},"2":{"type":"branch","line":13,"loc":{"start":{"line":13,"column":2},"end":{"line":17,"column":3}},"locations":[{"start":{"line":13,"column":2},"end":{"line":17,"column":3}}]},"3":{"type":"branch","line":14,"loc":{"start":{"line":14,"column":11},"end":{"line":16,"column":7}},"locations":[{"start":{"line":14,"column":11},"end":{"line":16,"column":7}}]},"4":{"type":"branch","line":14,"loc":{"start":{"line":14,"column":4},"end":{"line":16,"column":7}},"locations":[{"start":{"line":14,"column":4},"end":{"line":16,"column":7}}]},"5":{"type":"branch","line":14,"loc":{"start":{"line":14,"column":47},"end":{"line":16,"column":5}},"locations":[{"start":{"line":14,"column":47},"end":{"line":16,"column":5}}]}},"b":{"0":[2],"1":[1],"2":[1],"3":[1],"4":[1],"5":[1]},"fnMap":{"0":{"name":"ApiManager","decl":{"start":{"line":10,"column":2},"end":{"line":12,"column":3}},"loc":{"start":{"line":10,"column":2},"end":{"line":12,"column":3}},"line":10},"1":{"name":"Object.<anonymous>.ApiManager.fetchData","decl":{"start":{"line":13,"column":2},"end":{"line":17,"column":3}},"loc":{"start":{"line":13,"column":2},"end":{"line":17,"column":3}},"line":13}},"f":{"0":1,"1":1}}
,"/Users/pabloolivarez/Library/CloudStorage/GoogleDrive-pablo.olivarez.o@gmail.com/Mi unidad/codes/desarrollo/challenge_2/src/entities/index.ts": {"path":"/Users/pabloolivarez/Library/CloudStorage/GoogleDrive-pablo.olivarez.o@gmail.com/Mi unidad/codes/desarrollo/challenge_2/src/entities/index.ts","all":false,"statementMap":{"0":{"start":{"line":1,"column":0},"end":{"line":1,"column":43}},"1":{"start":{"line":2,"column":0},"end":{"line":2,"column":43}}},"s":{"0":1,"1":1},"branchMap":{"0":{"type":"branch","line":1,"loc":{"start":{"line":1,"column":9},"end":{"line":1,"column":43}},"locations":[{"start":{"line":1,"column":9},"end":{"line":1,"column":43}}]},"1":{"type":"branch","line":2,"loc":{"start":{"line":2,"column":9},"end":{"line":2,"column":43}},"locations":[{"start":{"line":2,"column":9},"end":{"line":2,"column":43}}]}},"b":{"0":[2],"1":[2]},"fnMap":{"0":{"name":"get","decl":{"start":{"line":1,"column":9},"end":{"line":1,"column":43}},"loc":{"start":{"line":1,"column":9},"end":{"line":1,"column":43}},"line":1},"1":{"name":"get","decl":{"start":{"line":2,"column":9},"end":{"line":2,"column":43}},"loc":{"start":{"line":2,"column":9},"end":{"line":2,"column":43}},"line":2}},"f":{"0":2,"1":2}}
,"/Users/pabloolivarez/Library/CloudStorage/GoogleDrive-pablo.olivarez.o@gmail.com/Mi unidad/codes/desarrollo/challenge_2/src/entities/todo_client.ts": {"path":"/Users/pabloolivarez/Library/CloudStorage/GoogleDrive-pablo.olivarez.o@gmail.com/Mi unidad/codes/desarrollo/challenge_2/src/entities/todo_client.ts","all":false,"statementMap":{"0":{"start":{"line":1,"column":0},"end":{"line":1,"column":39}},"1":{"start":{"line":2,"column":0},"end":{"line":2,"column":53}},"2":{"start":{"line":3,"column":0},"end":{"line":3,"column":42}},"3":{"start":{"line":4,"column":0},"end":{"line":4,"column":26}},"4":{"start":{"line":5,"column":0},"end":{"line":5,"column":0}},"5":{"start":{"line":6,"column":0},"end":{"line":6,"column":13}},"6":{"start":{"line":7,"column":0},"end":{"line":7,"column":52}},"7":{"start":{"line":8,"column":0},"end":{"line":8,"column":36}},"8":{"start":{"line":9,"column":0},"end":{"line":9,"column":9}},"9":{"start":{"line":10,"column":0},"end":{"line":10,"column":33}},"10":{"start":{"line":11,"column":0},"end":{"line":11,"column":68}},"11":{"start":{"line":12,"column":0},"end":{"line":12,"column":50}},"12":{"start":{"line":13,"column":0},"end":{"line":13,"column":10}},"13":{"start":{"line":14,"column":0},"end":{"line":14,"column":29}},"14":{"start":{"line":15,"column":0},"end":{"line":15,"column":36}},"15":{"start":{"line":16,"column":0},"end":{"line":16,"column":22}},"16":{"start":{"line":17,"column":0},"end":{"line":17,"column":11}},"17":{"start":{"line":18,"column":0},"end":{"line":18,"column":21}},"18":{"start":{"line":19,"column":0},"end":{"line":19,"column":21}},"19":{"start":{"line":20,"column":0},"end":{"line":20,"column":25}},"20":{"start":{"line":21,"column":0},"end":{"line":21,"column":18}},"21":{"start":{"line":22,"column":0},"end":{"line":22,"column":5}},"22":{"start":{"line":23,"column":0},"end":{"line":23,"column":3}},"23":{"start":{"line":24,"column":0},"end":{"line":24,"column":0}},"24":{"start":{"line":25,"column":0},"end":{"line":25,"column":31}},"25":{"start":{"line":26,"column":0},"end":{"line":26,"column":0}},"26":{"start":{"line":27,"column":0},"end":{"line":27,"column":30}},"27":{"start":{"line":28,"column":0},"end":{"line":28,"column":0}},"28":{"start":{"line":29,"column":0},"end":{"line":29,"column":33}},"29":{"start":{"line":30,"column":0},"end":{"line":30,"column":1}}},"s":{"0":1,"1":1,"2":1,"3":1,"4":1,"5":1,"6":2,"7":2,"8":2,"9":2,"10":2,"11":2,"12":2,"13":2,"14":2,"15":2,"16":2,"17":2,"18":2,"19":2,"20":2,"21":2,"22":2,"23":2,"24":2,"25":2,"26":2,"27":2,"28":2,"29":2},"branchMap":{"0":{"type":"branch","line":7,"loc":{"start":{"line":7,"column":0},"end":{"line":30,"column":1}},"locations":[{"start":{"line":7,"column":0},"end":{"line":30,"column":1}}]},"1":{"type":"branch","line":7,"loc":{"start":{"line":7,"column":0},"end":{"line":30,"column":1}},"locations":[{"start":{"line":7,"column":0},"end":{"line":30,"column":1}}]},"2":{"type":"branch","line":8,"loc":{"start":{"line":8,"column":2},"end":{"line":23,"column":3}},"locations":[{"start":{"line":8,"column":2},"end":{"line":23,"column":3}}]},"3":{"type":"branch","line":14,"loc":{"start":{"line":14,"column":14},"end":{"line":17,"column":9}},"locations":[{"start":{"line":14,"column":14},"end":{"line":17,"column":9}}]}},"b":{"0":[2],"1":[2],"2":[2],"3":[2]},"fnMap":{"0":{"name":"TodoClient","decl":{"start":{"line":7,"column":0},"end":{"line":30,"column":1}},"loc":{"start":{"line":7,"column":0},"end":{"line":30,"column":1}},"line":7},"1":{"name":"Object.<anonymous>.TodoClient.getData","decl":{"start":{"line":8,"column":2},"end":{"line":23,"column":3}},"loc":{"start":{"line":8,"column":2},"end":{"line":23,"column":3}},"line":8},"2":{"name":"Object.<anonymous>.TodoClient.postData","decl":{"start":{"line":25,"column":2},"end":{"line":25,"column":31}},"loc":{"start":{"line":25,"column":2},"end":{"line":25,"column":31}},"line":25},"3":{"name":"Object.<anonymous>.TodoClient.putData","decl":{"start":{"line":27,"column":2},"end":{"line":27,"column":30}},"loc":{"start":{"line":27,"column":2},"end":{"line":27,"column":30}},"line":27},"4":{"name":"Object.<anonymous>.TodoClient.deleteData","decl":{"start":{"line":29,"column":2},"end":{"line":29,"column":33}},"loc":{"start":{"line":29,"column":2},"end":{"line":29,"column":33}},"line":29}},"f":{"0":2,"1":2,"2":0,"3":0,"4":0}}
,"/Users/pabloolivarez/Library/CloudStorage/GoogleDrive-pablo.olivarez.o@gmail.com/Mi unidad/codes/desarrollo/challenge_2/src/interfaces/api.ts": {"path":"/Users/pabloolivarez/Library/CloudStorage/GoogleDrive-pablo.olivarez.o@gmail.com/Mi unidad/codes/desarrollo/challenge_2/src/interfaces/api.ts","all":true,"statementMap":{"0":{"start":{"line":1,"column":0},"end":{"line":1,"column":25}},"1":{"start":{"line":2,"column":0},"end":{"line":2,"column":29}},"2":{"start":{"line":3,"column":0},"end":{"line":3,"column":1}}},"s":{"0":0,"1":0,"2":0},"branchMap":{"0":{"type":"branch","line":1,"loc":{"start":{"line":1,"column":0},"end":{"line":3,"column":1}},"locations":[{"start":{"line":1,"column":0},"end":{"line":3,"column":1}}]}},"b":{"0":[0]},"fnMap":{"0":{"name":"(empty-report)","decl":{"start":{"line":1,"column":0},"end":{"line":3,"column":1}},"loc":{"start":{"line":1,"column":0},"end":{"line":3,"column":1}},"line":1}},"f":{"0":0}}
,"/Users/pabloolivarez/Library/CloudStorage/GoogleDrive-pablo.olivarez.o@gmail.com/Mi unidad/codes/desarrollo/challenge_2/src/interfaces/client_api.ts": {"path":"/Users/pabloolivarez/Library/CloudStorage/GoogleDrive-pablo.olivarez.o@gmail.com/Mi unidad/codes/desarrollo/challenge_2/src/interfaces/client_api.ts","all":true,"statementMap":{"0":{"start":{"line":1,"column":0},"end":{"line":1,"column":31}},"1":{"start":{"line":2,"column":0},"end":{"line":2,"column":27}},"2":{"start":{"line":3,"column":0},"end":{"line":3,"column":26}},"3":{"start":{"line":4,"column":0},"end":{"line":4,"column":25}},"4":{"start":{"line":5,"column":0},"end":{"line":5,"column":28}},"5":{"start":{"line":6,"column":0},"end":{"line":6,"column":0}},"6":{"start":{"line":7,"column":0},"end":{"line":7,"column":1}}},"s":{"0":0,"1":0,"2":0,"3":0,"4":0,"5":0,"6":0},"branchMap":{"0":{"type":"branch","line":1,"loc":{"start":{"line":1,"column":0},"end":{"line":7,"column":1}},"locations":[{"start":{"line":1,"column":0},"end":{"line":7,"column":1}}]}},"b":{"0":[0]},"fnMap":{"0":{"name":"(empty-report)","decl":{"start":{"line":1,"column":0},"end":{"line":7,"column":1}},"loc":{"start":{"line":1,"column":0},"end":{"line":7,"column":1}},"line":1}},"f":{"0":0}}
,"/Users/pabloolivarez/Library/CloudStorage/GoogleDrive-pablo.olivarez.o@gmail.com/Mi unidad/codes/desarrollo/challenge_2/src/interfaces/index.ts": {"path":"/Users/pabloolivarez/Library/CloudStorage/GoogleDrive-pablo.olivarez.o@gmail.com/Mi unidad/codes/desarrollo/challenge_2/src/interfaces/index.ts","all":true,"statementMap":{"0":{"start":{"line":1,"column":0},"end":{"line":1,"column":28}},"1":{"start":{"line":2,"column":0},"end":{"line":2,"column":41}},"2":{"start":{"line":3,"column":0},"end":{"line":3,"column":30}}},"s":{"0":0,"1":0,"2":0},"branchMap":{"0":{"type":"branch","line":1,"loc":{"start":{"line":1,"column":0},"end":{"line":3,"column":30}},"locations":[{"start":{"line":1,"column":0},"end":{"line":3,"column":30}}]}},"b":{"0":[0]},"fnMap":{"0":{"name":"(empty-report)","decl":{"start":{"line":1,"column":0},"end":{"line":3,"column":30}},"loc":{"start":{"line":1,"column":0},"end":{"line":3,"column":30}},"line":1}},"f":{"0":0}}
,"/Users/pabloolivarez/Library/CloudStorage/GoogleDrive-pablo.olivarez.o@gmail.com/Mi unidad/codes/desarrollo/challenge_2/src/interfaces/response_api.ts": {"path":"/Users/pabloolivarez/Library/CloudStorage/GoogleDrive-pablo.olivarez.o@gmail.com/Mi unidad/codes/desarrollo/challenge_2/src/interfaces/response_api.ts","all":true,"statementMap":{"0":{"start":{"line":1,"column":0},"end":{"line":1,"column":33}},"1":{"start":{"line":2,"column":0},"end":{"line":2,"column":12}},"2":{"start":{"line":3,"column":0},"end":{"line":3,"column":17}},"3":{"start":{"line":4,"column":0},"end":{"line":4,"column":21}},"4":{"start":{"line":5,"column":0},"end":{"line":5,"column":0}},"5":{"start":{"line":6,"column":0},"end":{"line":6,"column":1}}},"s":{"0":0,"1":0,"2":0,"3":0,"4":0,"5":0},"branchMap":{"0":{"type":"branch","line":1,"loc":{"start":{"line":1,"column":0},"end":{"line":6,"column":1}},"locations":[{"start":{"line":1,"column":0},"end":{"line":6,"column":1}}]}},"b":{"0":[0]},"fnMap":{"0":{"name":"(empty-report)","decl":{"start":{"line":1,"column":0},"end":{"line":6,"column":1}},"loc":{"start":{"line":1,"column":0},"end":{"line":6,"column":1}},"line":1}},"f":{"0":0}}
,"/Users/pabloolivarez/Library/CloudStorage/GoogleDrive-pablo.olivarez.o@gmail.com/Mi unidad/codes/desarrollo/challenge_2/src/interfaces/todo.ts": {"path":"/Users/pabloolivarez/Library/CloudStorage/GoogleDrive-pablo.olivarez.o@gmail.com/Mi unidad/codes/desarrollo/challenge_2/src/interfaces/todo.ts","all":true,"statementMap":{"0":{"start":{"line":1,"column":0},"end":{"line":1,"column":23}},"1":{"start":{"line":2,"column":0},"end":{"line":2,"column":17}},"2":{"start":{"line":3,"column":0},"end":{"line":3,"column":13}},"3":{"start":{"line":4,"column":0},"end":{"line":4,"column":16}},"4":{"start":{"line":5,"column":0},"end":{"line":5,"column":21}},"5":{"start":{"line":6,"column":0},"end":{"line":6,"column":1}}},"s":{"0":0,"1":0,"2":0,"3":0,"4":0,"5":0},"branchMap":{"0":{"type":"branch","line":1,"loc":{"start":{"line":1,"column":0},"end":{"line":6,"column":1}},"locations":[{"start":{"line":1,"column":0},"end":{"line":6,"column":1}}]}},"b":{"0":[0]},"fnMap":{"0":{"name":"(empty-report)","decl":{"start":{"line":1,"column":0},"end":{"line":6,"column":1}},"loc":{"start":{"line":1,"column":0},"end":{"line":6,"column":1}},"line":1}},"f":{"0":0}}
}
