TN:
SF:src/config/ioc_config.ts
FNF:0
FNH:0
DA:1,1
DA:2,1
DA:3,1
DA:4,1
DA:5,1
DA:6,1
DA:7,1
DA:8,1
DA:9,1
DA:10,1
DA:11,1
DA:12,1
DA:13,1
DA:14,1
LF:14
LH:14
BRF:0
BRH:0
end_of_record
TN:
SF:src/constants/identifiers.ts
FNF:0
FNH:0
DA:1,1
DA:2,1
DA:3,1
DA:4,1
DA:5,1
DA:6,1
DA:7,1
LF:7
LH:7
BRF:0
BRH:0
end_of_record
TN:
SF:src/entities/api_manager.ts
FN:10,ApiManager
FN:13,Object.<anonymous>.ApiManager.fetchData
FNF:2
FNH:2
FNDA:1,ApiManager
FNDA:1,Object.<anonymous>.ApiManager.fetchData
DA:1,1
DA:2,1
DA:3,1
DA:4,1
DA:5,1
DA:6,1
DA:7,2
DA:8,2
DA:9,2
DA:10,2
DA:11,1
DA:12,1
DA:13,2
DA:14,1
DA:15,1
DA:16,1
DA:17,1
DA:18,2
DA:19,2
LF:19
LH:19
BRDA:7,0,0,2
BRDA:10,1,0,1
BRDA:13,2,0,1
BRDA:14,3,0,1
BRDA:14,4,0,1
BRDA:14,5,0,1
BRF:6
BRH:6
end_of_record
TN:
SF:src/entities/index.ts
FN:1,get
FN:2,get
FNF:2
FNH:2
FNDA:2,get
FNDA:2,get
DA:1,1
DA:2,1
LF:2
LH:2
BRDA:1,0,0,2
BRDA:2,1,0,2
BRF:2
BRH:2
end_of_record
TN:
SF:src/entities/todo_client.ts
FN:7,TodoClient
FN:8,Object.<anonymous>.TodoClient.getData
FN:25,Object.<anonymous>.TodoClient.postData
FN:27,Object.<anonymous>.TodoClient.putData
FN:29,Object.<anonymous>.TodoClient.deleteData
FNF:5
FNH:2
FNDA:2,TodoClient
FNDA:2,Object.<anonymous>.TodoClient.getData
FNDA:0,Object.<anonymous>.TodoClient.postData
FNDA:0,Object.<anonymous>.TodoClient.putData
FNDA:0,Object.<anonymous>.TodoClient.deleteData
DA:1,1
DA:2,1
DA:3,1
DA:4,1
DA:5,1
DA:6,1
DA:7,2
DA:8,2
DA:9,2
DA:10,2
DA:11,2
DA:12,2
DA:13,2
DA:14,2
DA:15,2
DA:16,2
DA:17,2
DA:18,2
DA:19,2
DA:20,2
DA:21,2
DA:22,2
DA:23,2
DA:24,2
DA:25,2
DA:26,2
DA:27,2
DA:28,2
DA:29,2
DA:30,2
LF:30
LH:30
BRDA:7,0,0,2
BRDA:7,1,0,2
BRDA:8,2,0,2
BRDA:14,3,0,2
BRF:4
BRH:4
end_of_record
TN:
SF:src/interfaces/api.ts
FN:1,(empty-report)
FNF:1
FNH:0
FNDA:0,(empty-report)
DA:1,0
DA:2,0
DA:3,0
LF:3
LH:0
BRDA:1,0,0,0
BRF:1
BRH:0
end_of_record
TN:
SF:src/interfaces/client_api.ts
FN:1,(empty-report)
FNF:1
FNH:0
FNDA:0,(empty-report)
DA:1,0
DA:2,0
DA:3,0
DA:4,0
DA:5,0
DA:6,0
DA:7,0
LF:7
LH:0
BRDA:1,0,0,0
BRF:1
BRH:0
end_of_record
TN:
SF:src/interfaces/index.ts
FN:1,(empty-report)
FNF:1
FNH:0
FNDA:0,(empty-report)
DA:1,0
DA:2,0
DA:3,0
LF:3
LH:0
BRDA:1,0,0,0
BRF:1
BRH:0
end_of_record
TN:
SF:src/interfaces/response_api.ts
FN:1,(empty-report)
FNF:1
FNH:0
FNDA:0,(empty-report)
DA:1,0
DA:2,0
DA:3,0
DA:4,0
DA:5,0
DA:6,0
LF:6
LH:0
BRDA:1,0,0,0
BRF:1
BRH:0
end_of_record
TN:
SF:src/interfaces/todo.ts
FN:1,(empty-report)
FNF:1
FNH:0
FNDA:0,(empty-report)
DA:1,0
DA:2,0
DA:3,0
DA:4,0
DA:5,0
DA:6,0
LF:6
LH:0
BRDA:1,0,0,0
BRF:1
BRH:0
end_of_record
